\BOOKMARK [1][-]{section.1}{\376\377\211\343\230\230\140\035\215\357}{}% 1
\BOOKMARK [2][-]{subsection.1.1}{\376\377\225\356\230\230\173\200\116\313}{section.1}% 2
\BOOKMARK [3][-]{subsubsection.1.1.1}{\376\377\000S\000A\000T\225\356\230\230}{subsection.1.1}% 3
\BOOKMARK [3][-]{subsubsection.1.1.2}{\376\377\000K\000-\000S\000A\000T\225\356\230\230}{subsection.1.1}% 4
\BOOKMARK [3][-]{subsubsection.1.1.3}{\376\377\0003\000-\000S\000A\000T\225\356\230\230}{subsection.1.1}% 5
\BOOKMARK [2][-]{subsection.1.2}{\376\377\211\343\230\230\145\271\154\325\173\200\116\313}{section.1}% 6
\BOOKMARK [3][-]{subsubsection.1.2.1}{\376\377\126\336\156\257\154\325}{subsection.1.2}% 7
\BOOKMARK [3][-]{subsubsection.1.2.2}{\376\377\000D\000P\000L\000L\173\227\154\325}{subsection.1.2}% 8
\BOOKMARK [3][-]{subsubsection.1.2.3}{\376\377\000W\000a\000l\000k\000S\000A\000T\173\227\154\325}{subsection.1.2}% 9
\BOOKMARK [1][-]{section.2}{\376\377\133\236\163\260\226\276\160\271}{}% 10
\BOOKMARK [2][-]{subsection.2.1}{\376\377\127\372\116\216\126\336\156\257\154\325\166\204\133\236\163\260}{section.2}% 11
\BOOKMARK [3][-]{subsubsection.2.1.1}{\376\377\137\123\122\115\133\120\123\345\123\357\156\341\215\263\122\044\145\255\000\040\040\024\040\024\000\040\000i\000s\000C\000u\000r\000r\000e\000n\000t\000C\000l\000a\000u\000s\000e\000S\000a\000t\000i\000s\000f\000i\000e\000d}{subsection.2.1}% 12
\BOOKMARK [3][-]{subsubsection.2.1.2}{\376\377\136\003\134\024\210\150\217\276\137\017\123\357\156\341\215\263\122\044\145\255\000\040\040\024\040\024\000\040\000a\000r\000e\000A\000l\000l\000C\000l\000a\000u\000s\000e\000s\000S\000a\000t\000i\000s\000f\000i\000e\000d}{subsection.2.1}% 13
\BOOKMARK [3][-]{subsubsection.2.1.3}{\376\377\126\336\156\257\154\325\217\333\210\114\154\102\211\343\000\040\040\024\040\024\000\040\000S\000o\000l\000v\000e\000\040\040\024\040\024\000\040\150\070\137\303}{subsection.2.1}% 14
\BOOKMARK [3][-]{subsubsection.2.1.4}{\376\377\133\236\163\260\217\307\172\013\116\055\166\204\134\017\176\306\202\202}{subsection.2.1}% 15
\BOOKMARK [2][-]{subsection.2.2}{\376\377\127\372\116\216\000D\000P\000L\000L\154\325\166\204\133\236\163\260}{section.2}% 16
\BOOKMARK [3][-]{subsubsection.2.2.1}{\376\377\137\123\122\115\133\120\123\345\123\357\156\341\215\263\122\044\145\255\000\040\040\024\040\024\000\040\000i\000s\000C\000u\000r\000r\000e\000n\000t\000C\000l\000a\000u\000s\000e\000S\000a\000t\000i\000s\000f\000i\000e\000d}{subsection.2.2}% 17
\BOOKMARK [3][-]{subsubsection.2.2.2}{\376\377\136\003\134\024\210\150\217\276\137\017\123\357\156\341\215\263\122\044\145\255\000\040\040\024\040\024\000\040\000a\000r\000e\000A\000l\000l\000C\000l\000a\000u\000s\000e\000s\000S\000a\000t\000i\000s\000f\000i\000e\000d}{subsection.2.2}% 18
\BOOKMARK [3][-]{subsubsection.2.2.3}{\376\377\172\172\133\120\123\345\122\044\145\255\000\040\040\024\040\024\000\040\000h\000a\000s\000E\000m\000p\000t\000y\000C\000l\000a\000u\000s\000e\000\040\040\024\040\024\000\040\150\070\137\303}{subsection.2.2}% 19
\BOOKMARK [3][-]{subsubsection.2.2.4}{\376\377\123\125\117\115\133\120\123\345\117\040\144\255\000\040\040\024\040\024\000\040\000u\000n\000i\000t\000P\000r\000o\000p\000a\000g\000a\000t\000i\000o\000n\000\040\040\024\040\024\000\040\150\070\137\303}{subsection.2.2}% 20
\BOOKMARK [3][-]{subsubsection.2.2.5}{\376\377\133\144\172\313\145\207\133\127\155\210\123\273\000\040\040\024\040\024\000\040\000p\000u\000r\000e\000L\000i\000t\000e\000r\000a\000l\000E\000l\000i\000m\000i\000n\000a\000t\000i\000o\000n\000\040\040\024\040\024\000\040\150\070\137\303}{subsection.2.2}% 21
\BOOKMARK [3][-]{subsubsection.2.2.6}{\376\377\000D\000P\000L\000L\154\325\217\333\210\114\154\102\211\343\000\040\040\024\040\024\000\040\000D\000P\000L\000L}{subsection.2.2}% 22
\BOOKMARK [3][-]{subsubsection.2.2.7}{\376\377\133\236\163\260\217\307\172\013\116\055\166\204\134\017\176\306\202\202}{subsection.2.2}% 23
\BOOKMARK [1][-]{section.3}{\376\377\117\177\165\050\166\204\145\160\143\156\176\323\147\204}{}% 24
\BOOKMARK [2][-]{subsection.3.1}{\376\377\000S\000t\000r\000u\000c\000t}{section.3}% 25
\BOOKMARK [3][-]{subsubsection.3.1.1}{\376\377\000C\000l\000a\000u\000s\000e}{subsection.3.1}% 26
\BOOKMARK [2][-]{subsection.3.2}{\376\377\000A\000r\000r\000a\000y}{section.3}% 27
\BOOKMARK [3][-]{subsubsection.3.2.1}{\376\377\000A\000l\000l\000C\000l\000a\000u\000s\000e\000s\000[\000M\000A\000X\000\137\000C\000L\000A\000U\000S\000E\000S\000]}{subsection.3.2}% 28
\BOOKMARK [3][-]{subsubsection.3.2.2}{\376\377\000a\000s\000s\000i\000g\000n\000m\000e\000n\000t\000[\000M\000A\000X\000\137\000V\000A\000R\000S\000+\0001\000]}{subsection.3.2}% 29
\BOOKMARK [3][-]{subsubsection.3.2.3}{\376\377\000p\000o\000s\000i\000t\000i\000v\000e\000[\000M\000A\000X\000\137\000V\000A\000R\000S\000\040\000+\000\040\0001\000]\116\016\000n\000e\000g\000a\000t\000i\000v\000e\000[\000M\000A\000X\000\137\000V\000A\000R\000S\000\040\000+\000\040\0001\000]}{subsection.3.2}% 30
\BOOKMARK [1][-]{section.4}{\376\377\217\330\147\052\211\343\121\263\166\204\225\356\230\230}{}% 31
\BOOKMARK [2][-]{subsection.4.1}{\376\377\167\355\155\113\117\213}{section.4}% 32
\BOOKMARK [2][-]{subsection.4.2}{\376\377\225\177\155\113\117\213}{section.4}% 33
\BOOKMARK [1][-]{section.5}{\376\377\137\025\165\050\177\121\172\331}{}% 34
